#
# A fatal error has been detected by the Java Runtime Environment:
#
#  SIGSEGV (0xb) at pc=0x00000001087d740c, pid=691, tid=17411
#
# JRE version: Java(TM) SE Runtime Environment (8.0_66-b17) (build 1.8.0_66-b17)
# Java VM: Java HotSpot(TM) 64-Bit Server VM (25.66-b17 mixed mode bsd-amd64 compressed oops)
# Problematic frame:
# V  [libjvm.dylib+0x3d740c]
#
# Failed to write core dump. Core dumps have been disabled. To enable core dumping, try "ulimit -c unlimited" before starting Java again
#
# If you would like to submit a bug report, please visit:
#   http://bugreport.java.com/bugreport/crash.jsp
#

---------------  T H R E A D  ---------------

Current thread (0x00007fe4cc814000):  JavaThread "C2 CompilerThread0" daemon [_thread_in_native, id=17411, stack(0x000070000e148000,0x000070000e248000)]

siginfo: si_signo: 11 (SIGSEGV), si_code: 1 (SEGV_MAPERR), si_addr: 0x00007de4cf6a1c60

Registers:
RAX=0x0000000000000000, RBX=0x000070000e2418f0, RCX=0x00007de4cf6a1c60, RDX=0x0000000000000094
RSP=0x000070000e2415d0, RBP=0x000070000e241620, RSI=0x0000000001000000, RDI=0x00007fe4d0a6fc10
R8 =0x0000000000000000, R9 =0xffffffff00000000, R10=0x0000000108c27fa8, R11=0x00000000024a2b80
R12=0x0000000000000000, R13=0x00007fe4cf6a1bd0, R14=0x000070000e2419d8, R15=0x00007fe4cf6a1bd0
RIP=0x00000001087d740c, EFLAGS=0x0000000000010297, ERR=0x0000000000000004
  TRAPNO=0x000000000000000e

Top of Stack: (sp=0x000070000e2415d0)
0x000070000e2415d0:   000070000e2423a8 000070000e2418d0
0x000070000e2415e0:   000070000e242388 000070000e2418b0
0x000070000e2415f0:   0000000100002b21 000070000e2419d8
0x000070000e241600:   0000000000000001 0000000000000000
0x000070000e241610:   00007fe4cbf216b0 0000000000000003
0x000070000e241620:   000070000e241960 00000001087dd65b
0x000070000e241630:   00007fe4d0a58ad8 00007fe4ce195d20
0x000070000e241640:   0000700000000000 00007fe4cbe24440
0x000070000e241650:   00000001ce1b9f30 00007fe4d0a58ad8
0x000070000e241660:   000070000e241690 000000010896a4d0
0x000070000e241670:   00000000000067a8 00007fe4ce1ba0d0
0x000070000e241680:   00007fe4d0a58ad8 0000000000000000
0x000070000e241690:   0000000000000000 0000000000000000
0x000070000e2416a0:   000000011417b000 000070000e241840
0x000070000e2416b0:   0000000000000000 0000000107a8e000
0x000070000e2416c0:   0000000000020010 0000000000020010
0x000070000e2416d0:   000070000e2417a0 00007fff7213f421
0x000070000e2416e0:   000070000e241750 000000004e1ba074
0x000070000e2416f0:   00007fe4d0a58ad8 00007fe4d38b4358
0x000070000e241700:   00007fe4d0a58ad8 00007fe4d0a58ad8
0x000070000e241710:   00007fe4ce1a6ea8 000070000e246200
0x000070000e241720:   00007fe4cf8ce360 00007fe4d3da4de8
0x000070000e241730:   000070000e241750 000000010896dc4a
0x000070000e241740:   0000000000000000 0000000000000000
0x000070000e241750:   000070000e2417d0 000000010896c66d
0x000070000e241760:   0000700000000000 0000000000000000
0x000070000e241770:   000000007fffffff 000070000e241840
0x000070000e241780:   0000000000000000 0000000000000000
0x000070000e241790:   00007fffaa6ab000 0000000000020010
0x000070000e2417a0:   000070000e2417d0 00007fff7213f241
0x000070000e2417b0:   0000000000020010 000070000e241840
0x000070000e2417c0:   000000000000000c 0000000000020010 

Instructions: (pc=0x00000001087d740c)
0x00000001087d73ec:   48 8b 7d c0 4c 89 ee e8 c6 14 c9 ff 41 ff c4 44
0x00000001087d73fc:   3b 65 d4 0f 83 ca 00 00 00 44 89 e0 49 8b 4f 10
0x00000001087d740c:   4c 8b 2c c1 41 8b 45 28 41 39 46 28 76 0b 49 8b
0x00000001087d741c:   4e 30 48 83 3c c1 00 75 07 49 83 7d 10 00 75 c0 

Register to memory mapping:

RAX=0x0000000000000000 is an unknown value
RBX=0x000070000e2418f0 is pointing into the stack for thread: 0x00007fe4cc814000
RCX=0x00007de4cf6a1c60 is an unknown value
RDX=0x0000000000000094 is an unknown value
RSP=0x000070000e2415d0 is pointing into the stack for thread: 0x00007fe4cc814000
RBP=0x000070000e241620 is pointing into the stack for thread: 0x00007fe4cc814000
RSI=0x0000000001000000 is an unknown value
RDI=0x00007fe4d0a6fc10 is an unknown value
R8 =0x0000000000000000 is an unknown value
R9 =0xffffffff00000000 is an unknown value
R10=0x0000000108c27fa8: _ZL8tc_mutex+0x18 in /Library/Java/JavaVirtualMachines/jdk1.8.0_66.jdk/Contents/Home/jre/lib/server/libjvm.dylib at 0x0000000108400000
R11=0x00000000024a2b80 is an unknown value
R12=0x0000000000000000 is an unknown value
R13=0x00007fe4cf6a1bd0 is an unknown value
R14=0x000070000e2419d8 is pointing into the stack for thread: 0x00007fe4cc814000
R15=0x00007fe4cf6a1bd0 is an unknown value


Stack: [0x000070000e148000,0x000070000e248000],  sp=0x000070000e2415d0,  free space=997k
Native frames: (J=compiled Java code, j=interpreted, Vv=VM code, C=native code)
V  [libjvm.dylib+0x3d740c]
V  [libjvm.dylib+0x3dd65b]
V  [libjvm.dylib+0x1ae9aa]
V  [libjvm.dylib+0x1b17c3]
V  [libjvm.dylib+0x14f4ee]
V  [libjvm.dylib+0x1b4e4a]
V  [libjvm.dylib+0x1b7391]
V  [libjvm.dylib+0x560b83]
V  [libjvm.dylib+0x56227e]
V  [libjvm.dylib+0x482cd6]
C  [libsystem_pthread.dylib+0x3661]  _pthread_body+0x154
C  [libsystem_pthread.dylib+0x350d]  _pthread_body+0x0
C  [libsystem_pthread.dylib+0x2bf9]  thread_start+0xd
C  0x0000000000000000


Current CompileTask:
C2:  32516 14278       4       org.apache.ivy.core.resolve.ResolveData::isSubMap (155 bytes)


---------------  P R O C E S S  ---------------

Java Threads: ( => current thread )
  0x00007fe4d0834800 JavaThread "Okio Watchdog" daemon [_thread_blocked, id=40707, stack(0x000070000f481000,0x000070000f581000)]
  0x00007fe4ccd0d800 JavaThread "OkHttp ConnectionPool" daemon [_thread_blocked, id=22279, stack(0x000070000ee6f000,0x000070000ef6f000)]
  0x00007fe4d1e1d000 JavaThread "pool-9-thread-6" [_thread_blocked, id=23555, stack(0x000070000f37e000,0x000070000f47e000)]
  0x00007fe4cea93000 JavaThread "pool-9-thread-5" [_thread_blocked, id=41475, stack(0x000070000f27b000,0x000070000f37b000)]
  0x00007fe4ce230800 JavaThread "pool-9-thread-4" [_thread_blocked, id=23043, stack(0x000070000f178000,0x000070000f278000)]
  0x00007fe4ce22f800 JavaThread "pool-9-thread-3" [_thread_in_Java, id=43023, stack(0x000070000f075000,0x000070000f175000)]
  0x00007fe4ce0ea800 JavaThread "pool-9-thread-2" [_thread_blocked, id=18723, stack(0x000070000ed6c000,0x000070000ee6c000)]
  0x00007fe4cceb5000 JavaThread "pool-9-thread-1" [_thread_blocked, id=22035, stack(0x000070000ec69000,0x000070000ed69000)]
  0x00007fe4d0f92000 JavaThread "sbt-web-akka.actor.default-dispatcher-5" [_thread_blocked, id=14871, stack(0x000070000eb66000,0x000070000ec66000)]
  0x00007fe4ccb04800 JavaThread "sbt-web-akka.actor.default-dispatcher-4" [_thread_blocked, id=3875, stack(0x000070000ea63000,0x000070000eb63000)]
  0x00007fe4ce0e9800 JavaThread "sbt-web-akka.actor.default-dispatcher-3" [_thread_blocked, id=42271, stack(0x000070000e85d000,0x000070000e95d000)]
  0x00007fe4d3786800 JavaThread "sbt-web-akka.actor.default-dispatcher-2" [_thread_blocked, id=15391, stack(0x000070000e75a000,0x000070000e85a000)]
  0x00007fe4ceeac000 JavaThread "sbt-web-scheduler-1" [_thread_blocked, id=41991, stack(0x000070000d727000,0x000070000d827000)]
  0x00007fe4d3a4f000 JavaThread "sbt-socket-server" [_thread_in_native, id=4123, stack(0x000070000e960000,0x000070000ea60000)]
  0x00007fe4d0d80800 JavaThread "scala-execution-context-global-39" daemon [_thread_blocked, id=15883, stack(0x000070000ef72000,0x000070000f072000)]
  0x00007fe4ce0fd800 JavaThread "Log4j2-TF-1-AsyncLogger[AsyncContext@1ed4004b]-1" daemon [_thread_blocked, id=14339, stack(0x000070000e657000,0x000070000e757000)]
  0x00007fe4cd026000 JavaThread "Service Thread" daemon [_thread_blocked, id=13571, stack(0x000070000e451000,0x000070000e551000)]
  0x00007fe4cd014000 JavaThread "C1 CompilerThread2" daemon [_thread_in_vm, id=13059, stack(0x000070000e34e000,0x000070000e44e000)]
  0x00007fe4cc02d000 JavaThread "C2 CompilerThread1" daemon [_thread_in_native, id=17155, stack(0x000070000e24b000,0x000070000e34b000)]
=>0x00007fe4cc814000 JavaThread "C2 CompilerThread0" daemon [_thread_in_native, id=17411, stack(0x000070000e148000,0x000070000e248000)]
  0x00007fe4cd01d000 JavaThread "Signal Dispatcher" daemon [_thread_blocked, id=12551, stack(0x000070000e045000,0x000070000e145000)]
  0x00007fe4cc809800 JavaThread "Finalizer" daemon [_thread_blocked, id=11779, stack(0x000070000df42000,0x000070000e042000)]
  0x00007fe4cc011800 JavaThread "Reference Handler" daemon [_thread_blocked, id=20483, stack(0x000070000de3f000,0x000070000df3f000)]
  0x00007fe4cc001800 JavaThread "main" [_thread_blocked, id=6403, stack(0x000070000d82d000,0x000070000d92d000)]

Other Threads:
  0x00007fe4cd84a000 VMThread [stack: 0x000070000dd3c000,0x000070000de3c000] [id=20995]
  0x00007fe4cd026800 WatcherThread [stack: 0x000070000e554000,0x000070000e654000] [id=14083]

VM state:not at safepoint (normal execution)

VM Mutex/Monitor currently owned by a thread: None

Heap:
 PSYoungGen      total 298496K, used 131561K [0x000000078ab00000, 0x00000007a7b00000, 0x00000007c0000000)
  eden space 220160K, 59% used [0x000000078ab00000,0x0000000792b7a498,0x0000000798200000)
  from space 78336K, 0% used [0x0000000798200000,0x0000000798200000,0x000000079ce80000)
  to   space 84992K, 0% used [0x00000007a2800000,0x00000007a2800000,0x00000007a7b00000)
 ParOldGen       total 296960K, used 99758K [0x0000000720000000, 0x0000000732200000, 0x000000078ab00000)
  object space 296960K, 33% used [0x0000000720000000,0x000000072616b808,0x0000000732200000)
 Metaspace       used 96986K, capacity 110923K, committed 111104K, reserved 1146880K
  class space    used 13211K, capacity 13965K, committed 14080K, reserved 1048576K

Card table byte_map: [0x0000000109746000,0x0000000109c47000] byte_map_base: 0x0000000105e46000

Marking Bits: (ParMarkBitMap*) 0x0000000108cdde20
 Begin Bits: [0x0000000109f9d000, 0x000000010c79d000)
 End Bits:   [0x000000010c79d000, 0x000000010ef9d000)

Polling page: 0x0000000107b20000

CodeCache: size=245760Kb used=36046Kb max_used=36046Kb free=209713Kb
 bounds [0x000000011797b000, 0x0000000119cdb000, 0x000000012697b000]
 total_blobs=13023 nmethods=12323 adapters=608
 compilation: enabled

Compilation events (10 events):
Event: 32.461 Thread 0x00007fe4cd014000 nmethod 14373 0x0000000119c9c410 code [0x0000000119c9c600, 0x0000000119c9ce58]
Event: 32.461 Thread 0x00007fe4cd014000 14374       3       com.sun.org.apache.xerces.internal.impl.dtd.DTDGrammar::createEntityDecl (52 bytes)
Event: 32.462 Thread 0x00007fe4cd014000 nmethod 14374 0x0000000119c9d250 code [0x0000000119c9d3e0, 0x0000000119c9d648]
Event: 32.462 Thread 0x00007fe4cd014000 14375       3       com.sun.org.apache.xerces.internal.impl.dtd.DTDGrammar::ensureEntityDeclCapacity (261 bytes)
Event: 32.464 Thread 0x00007fe4cd014000 nmethod 14375 0x0000000119c9d890 code [0x0000000119c9dba0, 0x0000000119c9f9f8]
Event: 32.464 Thread 0x00007fe4cd014000 14379       3       com.sun.org.apache.xerces.internal.impl.XMLDocumentFragmentScannerImpl::scanStartElement (440 bytes)
Event: 32.468 Thread 0x00007fe4cd014000 nmethod 14379 0x0000000119ca0710 code [0x0000000119ca0aa0, 0x0000000119ca29f8]
Event: 32.468 Thread 0x00007fe4cd014000 14389       3       com.sun.org.apache.xerces.internal.parsers.AbstractDOMParser::startElement (876 bytes)
Event: 32.477 Thread 0x00007fe4cd014000 nmethod 14389 0x0000000119ca3790 code [0x0000000119ca3f00, 0x0000000119caa078]
Event: 32.477 Thread 0x00007fe4cd014000 14387       3       com.sun.org.apache.xerces.internal.impl.dtd.XMLDTDValidator::ensureStackCapacity (127 bytes)

GC Heap History (10 events):
Event: 22.927 GC heap before
{Heap before GC invocations=19 (full 5):
 PSYoungGen      total 175616K, used 175588K [0x000000078ab00000, 0x000000079b100000, 0x00000007c0000000)
  eden space 146944K, 100% used [0x000000078ab00000,0x0000000793a80000,0x0000000793a80000)
  from space 28672K, 99% used [0x0000000793a80000,0x0000000795679398,0x0000000795680000)
  to   space 37376K, 0% used [0x0000000798c80000,0x0000000798c80000,0x000000079b100000)
 ParOldGen       total 169984K, used 58233K [0x0000000720000000, 0x000000072a600000, 0x000000078ab00000)
  object space 169984K, 34% used [0x0000000720000000,0x00000007238de638,0x000000072a600000)
 Metaspace       used 80570K, capacity 92321K, committed 92416K, reserved 1130496K
  class space    used 11307K, capacity 11990K, committed 12032K, reserved 1048576K
Event: 23.010 GC heap after
Heap after GC invocations=19 (full 5):
 PSYoungGen      total 217600K, used 37354K [0x000000078ab00000, 0x000000079c880000, 0x00000007c0000000)
  eden space 180224K, 0% used [0x000000078ab00000,0x000000078ab00000,0x0000000795b00000)
  from space 37376K, 99% used [0x0000000798c80000,0x000000079b0fa870,0x000000079b100000)
  to   space 50688K, 0% used [0x0000000795b00000,0x0000000795b00000,0x0000000798c80000)
 ParOldGen       total 169984K, used 78077K [0x0000000720000000, 0x000000072a600000, 0x000000078ab00000)
  object space 169984K, 45% used [0x0000000720000000,0x0000000724c3f710,0x000000072a600000)
 Metaspace       used 80570K, capacity 92321K, committed 92416K, reserved 1130496K
  class space    used 11307K, capacity 11990K, committed 12032K, reserved 1048576K
}
Event: 26.542 GC heap before
{Heap before GC invocations=20 (full 5):
 PSYoungGen      total 217600K, used 217578K [0x000000078ab00000, 0x000000079c880000, 0x00000007c0000000)
  eden space 180224K, 100% used [0x000000078ab00000,0x0000000795b00000,0x0000000795b00000)
  from space 37376K, 99% used [0x0000000798c80000,0x000000079b0fa870,0x000000079b100000)
  to   space 50688K, 0% used [0x0000000795b00000,0x0000000795b00000,0x0000000798c80000)
 ParOldGen       total 169984K, used 78077K [0x0000000720000000, 0x000000072a600000, 0x000000078ab00000)
  object space 169984K, 45% used [0x0000000720000000,0x0000000724c3f710,0x000000072a600000)
 Metaspace       used 87932K, capacity 100685K, committed 100736K, reserved 1136640K
  class space    used 12180K, capacity 12898K, committed 12928K, reserved 1048576K
Event: 26.640 GC heap after
Heap after GC invocations=20 (full 5):
 PSYoungGen      total 230912K, used 50668K [0x000000078ab00000, 0x00000007a0d00000, 0x00000007c0000000)
  eden space 180224K, 0% used [0x000000078ab00000,0x000000078ab00000,0x0000000795b00000)
  from space 50688K, 99% used [0x0000000795b00000,0x0000000798c7b2e0,0x0000000798c80000)
  to   space 64000K, 0% used [0x000000079ce80000,0x000000079ce80000,0x00000007a0d00000)
 ParOldGen       total 169984K, used 90522K [0x0000000720000000, 0x000000072a600000, 0x000000078ab00000)
  object space 169984K, 53% used [0x0000000720000000,0x0000000725866be8,0x000000072a600000)
 Metaspace       used 87932K, capacity 100685K, committed 100736K, reserved 1136640K
  class space    used 12180K, capacity 12898K, committed 12928K, reserved 1048576K
}
Event: 28.011 GC heap before
{Heap before GC invocations=21 (full 5):
 PSYoungGen      total 230912K, used 230892K [0x000000078ab00000, 0x00000007a0d00000, 0x00000007c0000000)
  eden space 180224K, 100% used [0x000000078ab00000,0x0000000795b00000,0x0000000795b00000)
  from space 50688K, 99% used [0x0000000795b00000,0x0000000798c7b2e0,0x0000000798c80000)
  to   space 64000K, 0% used [0x000000079ce80000,0x000000079ce80000,0x00000007a0d00000)
 ParOldGen       total 169984K, used 90522K [0x0000000720000000, 0x000000072a600000, 0x000000078ab00000)
  object space 169984K, 53% used [0x0000000720000000,0x0000000725866be8,0x000000072a600000)
 Metaspace       used 89835K, capacity 103621K, committed 103936K, reserved 1140736K
  class space    used 12536K, capacity 13286K, committed 13312K, reserved 1048576K
Event: 28.130 GC heap after
Heap after GC invocations=21 (full 5):
 PSYoungGen      total 284160K, used 63985K [0x000000078ab00000, 0x00000007a3480000, 0x00000007c0000000)
  eden space 220160K, 0% used [0x000000078ab00000,0x000000078ab00000,0x0000000798200000)
  from space 64000K, 99% used [0x000000079ce80000,0x00000007a0cfc4d8,0x00000007a0d00000)
  to   space 78336K, 0% used [0x0000000798200000,0x0000000798200000,0x000000079ce80000)
 ParOldGen       total 169984K, used 99713K [0x0000000720000000, 0x000000072a600000, 0x000000078ab00000)
  object space 169984K, 58% used [0x0000000720000000,0x00000007261607d8,0x000000072a600000)
 Metaspace       used 89835K, capacity 103621K, committed 103936K, reserved 1140736K
  class space    used 12536K, capacity 13286K, committed 13312K, reserved 1048576K
}
Event: 29.283 GC heap before
{Heap before GC invocations=22 (full 5):
 PSYoungGen      total 284160K, used 155007K [0x000000078ab00000, 0x00000007a3480000, 0x00000007c0000000)
  eden space 220160K, 41% used [0x000000078ab00000,0x00000007903e39a8,0x0000000798200000)
  from space 64000K, 99% used [0x000000079ce80000,0x00000007a0cfc4d8,0x00000007a0d00000)
  to   space 78336K, 0% used [0x0000000798200000,0x0000000798200000,0x000000079ce80000)
 ParOldGen       total 169984K, used 99713K [0x0000000720000000, 0x000000072a600000, 0x000000078ab00000)
  object space 169984K, 58% used [0x0000000720000000,0x00000007261607d8,0x000000072a600000)
 Metaspace       used 92419K, capacity 106195K, committed 106240K, reserved 1142784K
  class space    used 12774K, capacity 13541K, committed 13568K, reserved 1048576K
Event: 29.367 GC heap after
Heap after GC invocations=22 (full 5):
 PSYoungGen      total 298496K, used 59860K [0x000000078ab00000, 0x00000007a7b00000, 0x00000007c0000000)
  eden space 220160K, 0% used [0x000000078ab00000,0x000000078ab00000,0x0000000798200000)
  from space 78336K, 76% used [0x0000000798200000,0x000000079bc75010,0x000000079ce80000)
  to   space 84992K, 0% used [0x00000007a2800000,0x00000007a2800000,0x00000007a7b00000)
 ParOldGen       total 169984K, used 99721K [0x0000000720000000, 0x000000072a600000, 0x000000078ab00000)
  object space 169984K, 58% used [0x0000000720000000,0x00000007261627d8,0x000000072a600000)
 Metaspace       used 92419K, capacity 106195K, committed 106240K, reserved 1142784K
  class space    used 12774K, capacity 13541K, committed 13568K, reserved 1048576K
}
Event: 29.367 GC heap before
{Heap before GC invocations=23 (full 6):
 PSYoungGen      total 298496K, used 59860K [0x000000078ab00000, 0x00000007a7b00000, 0x00000007c0000000)
  eden space 220160K, 0% used [0x000000078ab00000,0x000000078ab00000,0x0000000798200000)
  from space 78336K, 76% used [0x0000000798200000,0x000000079bc75010,0x000000079ce80000)
  to   space 84992K, 0% used [0x00000007a2800000,0x00000007a2800000,0x00000007a7b00000)
 ParOldGen       total 169984K, used 99721K [0x0000000720000000, 0x000000072a600000, 0x000000078ab00000)
  object space 169984K, 58% used [0x0000000720000000,0x00000007261627d8,0x000000072a600000)
 Metaspace       used 92419K, capacity 106195K, committed 106240K, reserved 1142784K
  class space    used 12774K, capacity 13541K, committed 13568K, reserved 1048576K
Event: 29.829 GC heap after
Heap after GC invocations=23 (full 6):
 PSYoungGen      total 298496K, used 0K [0x000000078ab00000, 0x00000007a7b00000, 0x00000007c0000000)
  eden space 220160K, 0% used [0x000000078ab00000,0x000000078ab00000,0x0000000798200000)
  from space 78336K, 0% used [0x0000000798200000,0x0000000798200000,0x000000079ce80000)
  to   space 84992K, 0% used [0x00000007a2800000,0x00000007a2800000,0x00000007a7b00000)
 ParOldGen       total 296960K, used 99758K [0x0000000720000000, 0x0000000732200000, 0x000000078ab00000)
  object space 296960K, 33% used [0x0000000720000000,0x000000072616b808,0x0000000732200000)
 Metaspace       used 91965K, capacity 105571K, committed 106240K, reserved 1142784K
  class space    used 12699K, capacity 13430K, committed 13568K, reserved 1048576K
}

Deoptimization events (10 events):
Event: 31.848 Thread 0x00007fe4ce22f800 Uncommon trap: reason=class_check action=maybe_recompile pc=0x0000000119acb024 method=com.sun.org.apache.xerces.internal.impl.XMLDocumentFragmentScannerImpl$FragmentContentDriver.next()I @ 2200
Event: 31.849 Thread 0x00007fe4ce22f800 Uncommon trap: reason=class_check action=maybe_recompile pc=0x0000000119acb014 method=com.sun.org.apache.xerces.internal.impl.XMLDocumentFragmentScannerImpl$FragmentContentDriver.next()I @ 435
Event: 31.849 Thread 0x00007fe4ce22f800 Uncommon trap: reason=bimorphic action=maybe_recompile pc=0x0000000119acb634 method=com.sun.org.apache.xerces.internal.impl.XMLDocumentFragmentScannerImpl.scanEndElement()I @ 142
Event: 31.849 Thread 0x00007fe4ce22f800 Uncommon trap: reason=class_check action=maybe_recompile pc=0x0000000119acb014 method=com.sun.org.apache.xerces.internal.impl.XMLDocumentFragmentScannerImpl$FragmentContentDriver.next()I @ 435
Event: 31.849 Thread 0x00007fe4ce22f800 Uncommon trap: reason=bimorphic action=maybe_recompile pc=0x0000000119acb634 method=com.sun.org.apache.xerces.internal.impl.XMLDocumentFragmentScannerImpl.scanEndElement()I @ 142
Event: 31.849 Thread 0x00007fe4ce22f800 Uncommon trap: reason=class_check action=maybe_recompile pc=0x0000000119acb014 method=com.sun.org.apache.xerces.internal.impl.XMLDocumentFragmentScannerImpl$FragmentContentDriver.next()I @ 435
Event: 31.850 Thread 0x00007fe4ce22f800 Uncommon trap: reason=unstable_if action=reinterpret pc=0x000000011883a2d8 method=java.io.BufferedInputStream.read1([BII)I @ 29
Event: 32.098 Thread 0x00007fe4ce22f800 Uncommon trap: reason=unstable_if action=reinterpret pc=0x0000000119be406c method=com.sun.org.apache.xerces.internal.util.XMLChar.isNameStart(I)Z @ 13
Event: 32.103 Thread 0x00007fe4ce22f800 Uncommon trap: reason=unstable_if action=reinterpret pc=0x0000000119a33818 method=com.sun.org.apache.xerces.internal.util.XMLChar.isNameStart(I)Z @ 13
Event: 32.266 Thread 0x00007fe4ce22f800 Uncommon trap: reason=bimorphic action=maybe_recompile pc=0x0000000119ad0f28 method=java.util.HashMap.removeNode(ILjava/lang/Object;Ljava/lang/Object;ZZ)Ljava/util/HashMap$Node; @ 68

Internal exceptions (10 events):
Event: 32.190 Thread 0x00007fe4ce22f800 Exception <a 'java/net/SocketTimeoutException': Read timed out> (0x00000007924472f0) thrown at [/HUDSON3/workspace/8-2-build-macosx-x86_64/jdk8u66/4988/hotspot/src/share/vm/prims/jni.cpp, line 735]
Event: 32.216 Thread 0x00007fe4ce22f800 Exception <a 'java/net/SocketTimeoutException': Read timed out> (0x000000079247e0e8) thrown at [/HUDSON3/workspace/8-2-build-macosx-x86_64/jdk8u66/4988/hotspot/src/share/vm/prims/jni.cpp, line 735]
Event: 32.229 Thread 0x00007fe4ce22f800 Exception <a 'java/net/SocketTimeoutException': Read timed out> (0x000000079248bd60) thrown at [/HUDSON3/workspace/8-2-build-macosx-x86_64/jdk8u66/4988/hotspot/src/share/vm/prims/jni.cpp, line 735]
Event: 32.276 Thread 0x00007fe4ce22f800 Exception <a 'java/net/SocketTimeoutException': Read timed out> (0x00000007925ab398) thrown at [/HUDSON3/workspace/8-2-build-macosx-x86_64/jdk8u66/4988/hotspot/src/share/vm/prims/jni.cpp, line 735]
Event: 32.300 Thread 0x00007fe4ce22f800 Exception <a 'java/net/SocketTimeoutException': Read timed out> (0x00000007926ed730) thrown at [/HUDSON3/workspace/8-2-build-macosx-x86_64/jdk8u66/4988/hotspot/src/share/vm/prims/jni.cpp, line 735]
Event: 32.323 Thread 0x00007fe4ce22f800 Exception <a 'java/net/SocketTimeoutException': Read timed out> (0x0000000792721478) thrown at [/HUDSON3/workspace/8-2-build-macosx-x86_64/jdk8u66/4988/hotspot/src/share/vm/prims/jni.cpp, line 735]
Event: 32.336 Thread 0x00007fe4ce22f800 Exception <a 'java/net/SocketTimeoutException': Read timed out> (0x000000079272e7b0) thrown at [/HUDSON3/workspace/8-2-build-macosx-x86_64/jdk8u66/4988/hotspot/src/share/vm/prims/jni.cpp, line 735]
Event: 32.371 Thread 0x00007fe4ce22f800 Exception <a 'java/net/SocketTimeoutException': Read timed out> (0x00000007927d5740) thrown at [/HUDSON3/workspace/8-2-build-macosx-x86_64/jdk8u66/4988/hotspot/src/share/vm/prims/jni.cpp, line 735]
Event: 32.417 Thread 0x00007fe4ce22f800 Exception <a 'java/net/SocketTimeoutException': Read timed out> (0x0000000792845368) thrown at [/HUDSON3/workspace/8-2-build-macosx-x86_64/jdk8u66/4988/hotspot/src/share/vm/prims/jni.cpp, line 735]
Event: 32.434 Thread 0x00007fe4ce22f800 Exception <a 'java/net/SocketTimeoutException': Read timed out> (0x0000000792852a70) thrown at [/HUDSON3/workspace/8-2-build-macosx-x86_64/jdk8u66/4988/hotspot/src/share/vm/prims/jni.cpp, line 735]

Events (10 events):
Event: 32.124 loading class org/w3c/dom/Comment done
Event: 32.124 loading class com/sun/org/apache/xerces/internal/dom/CommentImpl done
Event: 32.124 loading class com/sun/org/apache/xerces/internal/dom/DeferredCommentImpl done
Event: 32.148 Thread 0x00007fe4ce22f800 DEOPT PACKING pc=0x0000000119add74a sp=0x000070000f16e250
Event: 32.148 Thread 0x00007fe4ce22f800 DEOPT UNPACKING pc=0x00000001179c2633 sp=0x000070000f16dfd8 mode 0
Event: 32.266 Thread 0x00007fe4ce22f800 Uncommon trap: trap_request=0xffffffc6 fr.pc=0x0000000119ad0f28
Event: 32.267 Thread 0x00007fe4ce22f800 DEOPT PACKING pc=0x0000000119ad0f28 sp=0x000070000f16f270
Event: 32.267 Thread 0x00007fe4ce22f800 DEOPT UNPACKING pc=0x0000000117980229 sp=0x000070000f16f200 mode 2
Event: 32.380 Thread 0x00007fe4ce22f800 DEOPT PACKING pc=0x00000001198a40d3 sp=0x000070000f16d9b0
Event: 32.380 Thread 0x00007fe4ce22f800 DEOPT UNPACKING pc=0x00000001179c2633 sp=0x000070000f16d818 mode 0


Dynamic libraries:
0x000000002219e000 	/System/Library/Frameworks/Cocoa.framework/Versions/A/Cocoa
0x000000002219e000 	/System/Library/Frameworks/Security.framework/Versions/A/Security
0x000000002219e000 	/System/Library/Frameworks/ApplicationServices.framework/Versions/A/ApplicationServices
0x000000002219e000 	/usr/lib/libz.1.dylib
0x000000002219e000 	/usr/lib/libSystem.B.dylib
0x000000002219e000 	/usr/lib/libobjc.A.dylib
0x000000002219e000 	/System/Library/Frameworks/CoreFoundation.framework/Versions/A/CoreFoundation
0x000000002219e000 	/System/Library/Frameworks/Foundation.framework/Versions/C/Foundation
0x000000002219e000 	/System/Library/Frameworks/AppKit.framework/Versions/C/AppKit
0x000000002219e000 	/System/Library/Frameworks/CoreData.framework/Versions/A/CoreData
0x000000002219e000 	/System/Library/PrivateFrameworks/RemoteViewServices.framework/Versions/A/RemoteViewServices
0x000000002219e000 	/System/Library/PrivateFrameworks/UIFoundation.framework/Versions/A/UIFoundation
0x000000002219e000 	/System/Library/PrivateFrameworks/DFRFoundation.framework/Versions/A/DFRFoundation
0x000000002219e000 	/System/Library/Frameworks/Metal.framework/Versions/A/Metal
0x000000002219e000 	/System/Library/PrivateFrameworks/DesktopServicesPriv.framework/Versions/A/DesktopServicesPriv
0x000000002219e000 	/usr/lib/libenergytrace.dylib
0x000000002219e000 	/System/Library/PrivateFrameworks/SkyLight.framework/Versions/A/SkyLight
0x000000002219e000 	/System/Library/Frameworks/CoreGraphics.framework/Versions/A/CoreGraphics
0x000000002219e000 	/usr/lib/libScreenReader.dylib
0x000000002219e000 	/System/Library/Frameworks/Accelerate.framework/Versions/A/Accelerate
0x000000002219e000 	/System/Library/Frameworks/IOSurface.framework/Versions/A/IOSurface
0x000000002219e000 	/System/Library/Frameworks/AudioToolbox.framework/Versions/A/AudioToolbox
0x000000002219e000 	/System/Library/Frameworks/AudioUnit.framework/Versions/A/AudioUnit
0x000000002219e000 	/System/Library/PrivateFrameworks/DataDetectorsCore.framework/Versions/A/DataDetectorsCore
0x000000002219e000 	/System/Library/Frameworks/Carbon.framework/Versions/A/Frameworks/HIToolbox.framework/Versions/A/HIToolbox
0x000000002219e000 	/usr/lib/libicucore.A.dylib
0x000000002219e000 	/System/Library/Frameworks/QuartzCore.framework/Versions/A/QuartzCore
0x000000002219e000 	/System/Library/PrivateFrameworks/SignpostNotification.framework/Versions/A/SignpostNotification
0x000000002219e000 	/System/Library/Frameworks/Carbon.framework/Versions/A/Frameworks/SpeechRecognition.framework/Versions/A/SpeechRecognition
0x000000002219e000 	/usr/lib/libauto.dylib
0x000000002219e000 	/usr/lib/libxml2.2.dylib
0x000000002219e000 	/System/Library/PrivateFrameworks/CoreUI.framework/Versions/A/CoreUI
0x000000002219e000 	/System/Library/Frameworks/CoreAudio.framework/Versions/A/CoreAudio
0x000000002219e000 	/System/Library/Frameworks/DiskArbitration.framework/Versions/A/DiskArbitration
0x000000002219e000 	/usr/lib/liblangid.dylib
0x000000002219e000 	/System/Library/PrivateFrameworks/MultitouchSupport.framework/Versions/A/MultitouchSupport
0x000000002219e000 	/System/Library/Frameworks/IOKit.framework/Versions/A/IOKit
0x000000002219e000 	/usr/lib/libDiagnosticMessagesClient.dylib
0x000000002219e000 	/System/Library/Frameworks/CoreServices.framework/Versions/A/CoreServices
0x000000002219e000 	/System/Library/PrivateFrameworks/PerformanceAnalysis.framework/Versions/A/PerformanceAnalysis
0x000000002219e000 	/System/Library/Frameworks/OpenGL.framework/Versions/A/OpenGL
0x000000002219e000 	/System/Library/Frameworks/ColorSync.framework/Versions/A/ColorSync
0x000000002219e000 	/System/Library/Frameworks/CoreImage.framework/Versions/A/CoreImage
0x000000002219e000 	/System/Library/Frameworks/CoreText.framework/Versions/A/CoreText
0x000000002219e000 	/System/Library/Frameworks/ImageIO.framework/Versions/A/ImageIO
0x000000002219e000 	/System/Library/PrivateFrameworks/Backup.framework/Versions/A/Backup
0x000000002219e000 	/usr/lib/libarchive.2.dylib
0x000000002219e000 	/System/Library/Frameworks/CFNetwork.framework/Versions/A/CFNetwork
0x000000002219e000 	/System/Library/Frameworks/SystemConfiguration.framework/Versions/A/SystemConfiguration
0x000000002219e000 	/usr/lib/libCRFSuite.dylib
0x000000002219e000 	/usr/lib/libc++.1.dylib
0x000000002219e000 	/usr/lib/libc++abi.dylib
0x000000002219e000 	/usr/lib/system/libcache.dylib
0x000000002219e000 	/usr/lib/system/libcommonCrypto.dylib
0x000000002219e000 	/usr/lib/system/libcompiler_rt.dylib
0x000000002219e000 	/usr/lib/system/libcopyfile.dylib
0x000000002219e000 	/usr/lib/system/libcorecrypto.dylib
0x000000002219e000 	/usr/lib/system/libdispatch.dylib
0x000000002219e000 	/usr/lib/system/libdyld.dylib
0x000000002219e000 	/usr/lib/system/libkeymgr.dylib
0x000000002219e000 	/usr/lib/system/liblaunch.dylib
0x000000002219e000 	/usr/lib/system/libmacho.dylib
0x000000002219e000 	/usr/lib/system/libquarantine.dylib
0x000000002219e000 	/usr/lib/system/libremovefile.dylib
0x000000002219e000 	/usr/lib/system/libsystem_asl.dylib
0x000000002219e000 	/usr/lib/system/libsystem_blocks.dylib
0x000000002219e000 	/usr/lib/system/libsystem_c.dylib
0x000000002219e000 	/usr/lib/system/libsystem_configuration.dylib
0x000000002219e000 	/usr/lib/system/libsystem_coreservices.dylib
0x000000002219e000 	/usr/lib/system/libsystem_darwin.dylib
0x000000002219e000 	/usr/lib/system/libsystem_dnssd.dylib
0x000000002219e000 	/usr/lib/system/libsystem_info.dylib
0x000000002219e000 	/usr/lib/system/libsystem_m.dylib
0x000000002219e000 	/usr/lib/system/libsystem_malloc.dylib
0x000000002219e000 	/usr/lib/system/libsystem_network.dylib
0x000000002219e000 	/usr/lib/system/libsystem_networkextension.dylib
0x000000002219e000 	/usr/lib/system/libsystem_notify.dylib
0x000000002219e000 	/usr/lib/system/libsystem_sandbox.dylib
0x000000002219e000 	/usr/lib/system/libsystem_secinit.dylib
0x000000002219e000 	/usr/lib/system/libsystem_kernel.dylib
0x000000002219e000 	/usr/lib/system/libsystem_platform.dylib
0x000000002219e000 	/usr/lib/system/libsystem_pthread.dylib
0x000000002219e000 	/usr/lib/system/libsystem_symptoms.dylib
0x000000002219e000 	/usr/lib/system/libsystem_trace.dylib
0x000000002219e000 	/usr/lib/system/libunwind.dylib
0x000000002219e000 	/usr/lib/system/libxpc.dylib
0x000000002219e000 	/usr/lib/closure/libclosured.dylib
0x000000002219e000 	/usr/lib/libbsm.0.dylib
0x000000002219e000 	/usr/lib/system/libkxld.dylib
0x000000002219e000 	/usr/lib/libOpenScriptingUtil.dylib
0x000000002219e000 	/usr/lib/libcoretls.dylib
0x000000002219e000 	/usr/lib/libcoretls_cfhelpers.dylib
0x000000002219e000 	/usr/lib/libpam.2.dylib
0x000000002219e000 	/usr/lib/libsqlite3.dylib
0x000000002219e000 	/usr/lib/libxar.1.dylib
0x000000002219e000 	/usr/lib/libbz2.1.0.dylib
0x000000002219e000 	/usr/lib/liblzma.5.dylib
0x000000002219e000 	/usr/lib/libnetwork.dylib
0x000000002219e000 	/usr/lib/libapple_nghttp2.dylib
0x000000002219e000 	/usr/lib/libpcap.A.dylib
0x000000002219e000 	/usr/lib/libboringssl.dylib
0x000000002219e000 	/usr/lib/libusrtcp.dylib
0x000000002219e000 	/usr/lib/libapple_crypto.dylib
0x000000002219e000 	/System/Library/Frameworks/CoreServices.framework/Versions/A/Frameworks/FSEvents.framework/Versions/A/FSEvents
0x000000002219e000 	/System/Library/Frameworks/CoreServices.framework/Versions/A/Frameworks/CarbonCore.framework/Versions/A/CarbonCore
0x000000002219e000 	/System/Library/Frameworks/CoreServices.framework/Versions/A/Frameworks/Metadata.framework/Versions/A/Metadata
0x000000002219e000 	/System/Library/Frameworks/CoreServices.framework/Versions/A/Frameworks/OSServices.framework/Versions/A/OSServices
0x000000002219e000 	/System/Library/Frameworks/CoreServices.framework/Versions/A/Frameworks/SearchKit.framework/Versions/A/SearchKit
0x000000002219e000 	/System/Library/Frameworks/CoreServices.framework/Versions/A/Frameworks/AE.framework/Versions/A/AE
0x000000002219e000 	/System/Library/Frameworks/CoreServices.framework/Versions/A/Frameworks/LaunchServices.framework/Versions/A/LaunchServices
0x000000002219e000 	/System/Library/Frameworks/CoreServices.framework/Versions/A/Frameworks/DictionaryServices.framework/Versions/A/DictionaryServices
0x000000002219e000 	/System/Library/Frameworks/CoreServices.framework/Versions/A/Frameworks/SharedFileList.framework/Versions/A/SharedFileList
0x000000002219e000 	/System/Library/Frameworks/NetFS.framework/Versions/A/NetFS
0x000000002219e000 	/System/Library/PrivateFrameworks/NetAuth.framework/Versions/A/NetAuth
0x000000002219e000 	/System/Library/PrivateFrameworks/login.framework/Versions/A/Frameworks/loginsupport.framework/Versions/A/loginsupport
0x000000002219e000 	/System/Library/PrivateFrameworks/TCC.framework/Versions/A/TCC
0x000000002219e000 	/usr/lib/libmecabra.dylib
0x000000002219e000 	/System/Library/Frameworks/ApplicationServices.framework/Versions/A/Frameworks/ATS.framework/Versions/A/ATS
0x000000002219e000 	/System/Library/Frameworks/ApplicationServices.framework/Versions/A/Frameworks/ColorSyncLegacy.framework/Versions/A/ColorSyncLegacy
0x000000002219e000 	/System/Library/Frameworks/ApplicationServices.framework/Versions/A/Frameworks/HIServices.framework/Versions/A/HIServices
0x000000002219e000 	/System/Library/Frameworks/ApplicationServices.framework/Versions/A/Frameworks/LangAnalysis.framework/Versions/A/LangAnalysis
0x000000002219e000 	/System/Library/Frameworks/ApplicationServices.framework/Versions/A/Frameworks/PrintCore.framework/Versions/A/PrintCore
0x000000002219e000 	/System/Library/Frameworks/ApplicationServices.framework/Versions/A/Frameworks/QD.framework/Versions/A/QD
0x000000002219e000 	/System/Library/Frameworks/ApplicationServices.framework/Versions/A/Frameworks/SpeechSynthesis.framework/Versions/A/SpeechSynthesis
0x000000002219e000 	/System/Library/Frameworks/CoreDisplay.framework/Versions/A/CoreDisplay
0x000000002219e000 	/System/Library/Frameworks/Accelerate.framework/Versions/A/Frameworks/vImage.framework/Versions/A/vImage
0x000000002219e000 	/System/Library/Frameworks/Accelerate.framework/Versions/A/Frameworks/vecLib.framework/Versions/A/vecLib
0x000000002219e000 	/System/Library/Frameworks/Accelerate.framework/Versions/A/Frameworks/vecLib.framework/Versions/A/libvDSP.dylib
0x000000002219e000 	/System/Library/Frameworks/Accelerate.framework/Versions/A/Frameworks/vecLib.framework/Versions/A/libBNNS.dylib
0x000000002219e000 	/System/Library/Frameworks/Accelerate.framework/Versions/A/Frameworks/vecLib.framework/Versions/A/libQuadrature.dylib
0x000000002219e000 	/System/Library/Frameworks/Accelerate.framework/Versions/A/Frameworks/vecLib.framework/Versions/A/libvMisc.dylib
0x000000002219e000 	/System/Library/Frameworks/Accelerate.framework/Versions/A/Frameworks/vecLib.framework/Versions/A/libLAPACK.dylib
0x000000002219e000 	/System/Library/Frameworks/Accelerate.framework/Versions/A/Frameworks/vecLib.framework/Versions/A/libBLAS.dylib
0x000000002219e000 	/System/Library/Frameworks/Accelerate.framework/Versions/A/Frameworks/vecLib.framework/Versions/A/libLinearAlgebra.dylib
0x000000002219e000 	/System/Library/Frameworks/Accelerate.framework/Versions/A/Frameworks/vecLib.framework/Versions/A/libSparse.dylib
0x000000002219e000 	/System/Library/Frameworks/Accelerate.framework/Versions/A/Frameworks/vecLib.framework/Versions/A/libSparseBLAS.dylib
0x000000002219e000 	/System/Library/PrivateFrameworks/GPUWrangler.framework/Versions/A/GPUWrangler
0x000000002219e000 	/System/Library/PrivateFrameworks/IOAccelerator.framework/Versions/A/IOAccelerator
0x000000002219e000 	/System/Library/PrivateFrameworks/IOPresentment.framework/Versions/A/IOPresentment
0x000000002219e000 	/System/Library/PrivateFrameworks/DSExternalDisplay.framework/Versions/A/DSExternalDisplay
0x000000002219e000 	/System/Library/Frameworks/OpenGL.framework/Versions/A/Libraries/libCoreFSCache.dylib
0x000000002219e000 	/System/Library/Frameworks/CoreVideo.framework/Versions/A/CoreVideo
0x000000002219e000 	/System/Library/PrivateFrameworks/GraphVisualizer.framework/Versions/A/GraphVisualizer
0x000000002219e000 	/System/Library/Frameworks/MetalPerformanceShaders.framework/Versions/A/MetalPerformanceShaders
0x000000002219e000 	/usr/lib/libFosl_dynamic.dylib
0x000000002219e000 	/System/Library/PrivateFrameworks/FaceCore.framework/Versions/A/FaceCore
0x000000002219e000 	/System/Library/Frameworks/OpenCL.framework/Versions/A/OpenCL
0x000000002219e000 	/usr/lib/libcompression.dylib
0x000000002219e000 	/System/Library/Frameworks/ApplicationServices.framework/Versions/A/Frameworks/ATS.framework/Versions/A/Resources/libFontParser.dylib
0x000000002219e000 	/System/Library/Frameworks/ApplicationServices.framework/Versions/A/Frameworks/ATS.framework/Versions/A/Resources/libFontRegistry.dylib
0x000000002219e000 	/System/Library/Frameworks/ImageIO.framework/Versions/A/Resources/libJPEG.dylib
0x000000002219e000 	/System/Library/Frameworks/ImageIO.framework/Versions/A/Resources/libTIFF.dylib
0x000000002219e000 	/System/Library/Frameworks/ImageIO.framework/Versions/A/Resources/libPng.dylib
0x000000002219e000 	/System/Library/Frameworks/ImageIO.framework/Versions/A/Resources/libGIF.dylib
0x000000002219e000 	/System/Library/Frameworks/ImageIO.framework/Versions/A/Resources/libJP2.dylib
0x000000002219e000 	/System/Library/Frameworks/ImageIO.framework/Versions/A/Resources/libRadiance.dylib
0x000000002219e000 	/System/Library/PrivateFrameworks/AppleJPEG.framework/Versions/A/AppleJPEG
0x000000002219e000 	/System/Library/Frameworks/MetalPerformanceShaders.framework/Frameworks/MPSCore.framework/Versions/A/MPSCore
0x000000002219e000 	/System/Library/Frameworks/MetalPerformanceShaders.framework/Frameworks/MPSImage.framework/Versions/A/MPSImage
0x000000002219e000 	/System/Library/Frameworks/MetalPerformanceShaders.framework/Frameworks/MPSNeuralNetwork.framework/Versions/A/MPSNeuralNetwork
0x000000002219e000 	/System/Library/Frameworks/MetalPerformanceShaders.framework/Frameworks/MPSMatrix.framework/Versions/A/MPSMatrix
0x000000002219e000 	/System/Library/PrivateFrameworks/MetalTools.framework/Versions/A/MetalTools
0x000000002219e000 	/System/Library/Frameworks/OpenGL.framework/Versions/A/Libraries/libGLU.dylib
0x000000002219e000 	/System/Library/Frameworks/OpenGL.framework/Versions/A/Libraries/libGFXShared.dylib
0x000000002219e000 	/System/Library/Frameworks/OpenGL.framework/Versions/A/Libraries/libGL.dylib
0x000000002219e000 	/System/Library/Frameworks/OpenGL.framework/Versions/A/Libraries/libGLImage.dylib
0x000000002219e000 	/System/Library/Frameworks/OpenGL.framework/Versions/A/Libraries/libCVMSPluginSupport.dylib
0x000000002219e000 	/System/Library/Frameworks/OpenGL.framework/Versions/A/Libraries/libCoreVMClient.dylib
0x000000002219e000 	/usr/lib/libcups.2.dylib
0x000000002219e000 	/System/Library/Frameworks/Kerberos.framework/Versions/A/Kerberos
0x000000002219e000 	/System/Library/Frameworks/GSS.framework/Versions/A/GSS
0x000000002219e000 	/usr/lib/libresolv.9.dylib
0x000000002219e000 	/usr/lib/libiconv.2.dylib
0x000000002219e000 	/System/Library/PrivateFrameworks/Heimdal.framework/Versions/A/Heimdal
0x000000002219e000 	/usr/lib/libheimdal-asn1.dylib
0x000000002219e000 	/System/Library/Frameworks/OpenDirectory.framework/Versions/A/OpenDirectory
0x000000002219e000 	/System/Library/PrivateFrameworks/CommonAuth.framework/Versions/A/CommonAuth
0x000000002219e000 	/System/Library/Frameworks/OpenDirectory.framework/Versions/A/Frameworks/CFOpenDirectory.framework/Versions/A/CFOpenDirectory
0x000000002219e000 	/System/Library/Frameworks/SecurityFoundation.framework/Versions/A/SecurityFoundation
0x000000002219e000 	/System/Library/PrivateFrameworks/APFS.framework/Versions/A/APFS
0x000000002219e000 	/usr/lib/libutil.dylib
0x000000002219e000 	/System/Library/PrivateFrameworks/AppleSauce.framework/Versions/A/AppleSauce
0x000000002219e000 	/System/Library/PrivateFrameworks/LinguisticData.framework/Versions/A/LinguisticData
0x000000002219e000 	/usr/lib/libmarisa.dylib
0x000000002219e000 	/System/Library/PrivateFrameworks/Lexicon.framework/Versions/A/Lexicon
0x000000002219e000 	/usr/lib/libChineseTokenizer.dylib
0x000000002219e000 	/usr/lib/libcmph.dylib
0x000000002219e000 	/System/Library/PrivateFrameworks/LanguageModeling.framework/Versions/A/LanguageModeling
0x000000002219e000 	/System/Library/PrivateFrameworks/CoreEmoji.framework/Versions/A/CoreEmoji
0x000000002219e000 	/System/Library/Frameworks/ServiceManagement.framework/Versions/A/ServiceManagement
0x000000002219e000 	/System/Library/PrivateFrameworks/BackgroundTaskManagement.framework/Versions/A/BackgroundTaskManagement
0x000000002219e000 	/usr/lib/libxslt.1.dylib
0x000000002219e000 	/System/Library/Frameworks/Carbon.framework/Versions/A/Frameworks/Ink.framework/Versions/A/Ink
0x000000002219e000 	/System/Library/PrivateFrameworks/TextureIO.framework/Versions/A/TextureIO
0x000000002219e000 	/usr/lib/libate.dylib
0x000000002219e000 	/System/Library/PrivateFrameworks/CrashReporterSupport.framework/Versions/A/CrashReporterSupport
0x000000002219e000 	/System/Library/PrivateFrameworks/Sharing.framework/Versions/A/Sharing
0x000000002219e000 	/System/Library/PrivateFrameworks/IconServices.framework/Versions/A/IconServices
0x000000002219e000 	/System/Library/PrivateFrameworks/AuthKit.framework/Versions/A/AuthKit
0x000000002219e000 	/System/Library/PrivateFrameworks/Apple80211.framework/Versions/A/Apple80211
0x000000002219e000 	/System/Library/PrivateFrameworks/CoreUtils.framework/Versions/A/CoreUtils
0x000000002219e000 	/System/Library/Frameworks/CoreWLAN.framework/Versions/A/CoreWLAN
0x000000002219e000 	/System/Library/Frameworks/IOBluetooth.framework/Versions/A/IOBluetooth
0x000000002219e000 	/System/Library/PrivateFrameworks/ProtocolBuffer.framework/Versions/A/ProtocolBuffer
0x000000002219e000 	/System/Library/PrivateFrameworks/MobileKeyBag.framework/Versions/A/MobileKeyBag
0x000000002219e000 	/System/Library/PrivateFrameworks/CorePhoneNumbers.framework/Versions/A/CorePhoneNumbers
0x000000002219e000 	/System/Library/PrivateFrameworks/AppleIDAuthSupport.framework/Versions/A/AppleIDAuthSupport
0x000000002219e000 	/System/Library/PrivateFrameworks/KeychainCircle.framework/Versions/A/KeychainCircle
0x000000002219e000 	/System/Library/PrivateFrameworks/CoreWiFi.framework/Versions/A/CoreWiFi
0x000000002219e000 	/System/Library/Frameworks/CoreBluetooth.framework/Versions/A/CoreBluetooth
0x000000002219e000 	/System/Library/PrivateFrameworks/DebugSymbols.framework/Versions/A/DebugSymbols
0x000000002219e000 	/System/Library/PrivateFrameworks/CoreSymbolication.framework/Versions/A/CoreSymbolication
0x000000002219e000 	/System/Library/PrivateFrameworks/Symbolication.framework/Versions/A/Symbolication
0x000000002219e000 	/System/Library/PrivateFrameworks/AppleFSCompression.framework/Versions/A/AppleFSCompression
0x000000002219e000 	/System/Library/PrivateFrameworks/SpeechRecognitionCore.framework/Versions/A/SpeechRecognitionCore
0x0000000108400000 	/Library/Java/JavaVirtualMachines/jdk1.8.0_66.jdk/Contents/Home/jre/lib/server/libjvm.dylib
0x000000002219e000 	/usr/lib/libstdc++.6.0.9.dylib
0x0000000107add000 	/Library/Java/JavaVirtualMachines/jdk1.8.0_66.jdk/Contents/Home/jre/lib/libverify.dylib
0x0000000107aeb000 	/Library/Java/JavaVirtualMachines/jdk1.8.0_66.jdk/Contents/Home/jre/lib/libjava.dylib
0x0000000107b6a000 	/Library/Java/JavaVirtualMachines/jdk1.8.0_66.jdk/Contents/Home/jre/lib/libzip.dylib
0x000000002219e000 	/System/Library/Frameworks/JavaVM.framework/Versions/A/Frameworks/JavaRuntimeSupport.framework/Versions/A/JavaRuntimeSupport
0x000000002219e000 	/System/Library/Frameworks/JavaVM.framework/Versions/A/Frameworks/JavaNativeFoundation.framework/Versions/A/JavaNativeFoundation
0x000000002219e000 	/System/Library/Frameworks/JavaVM.framework/Versions/A/JavaVM
0x000000002219e000 	/System/Library/Frameworks/Carbon.framework/Versions/A/Carbon
0x000000002219e000 	/System/Library/PrivateFrameworks/JavaLaunching.framework/Versions/A/JavaLaunching
0x000000002219e000 	/System/Library/Frameworks/Carbon.framework/Versions/A/Frameworks/CommonPanels.framework/Versions/A/CommonPanels
0x000000002219e000 	/System/Library/Frameworks/Carbon.framework/Versions/A/Frameworks/Help.framework/Versions/A/Help
0x000000002219e000 	/System/Library/Frameworks/Carbon.framework/Versions/A/Frameworks/ImageCapture.framework/Versions/A/ImageCapture
0x000000002219e000 	/System/Library/Frameworks/Carbon.framework/Versions/A/Frameworks/OpenScripting.framework/Versions/A/OpenScripting
0x000000002219e000 	/System/Library/Frameworks/Carbon.framework/Versions/A/Frameworks/Print.framework/Versions/A/Print
0x000000002219e000 	/System/Library/Frameworks/Carbon.framework/Versions/A/Frameworks/SecurityHI.framework/Versions/A/SecurityHI
0x00000001128d2000 	/Library/Java/JavaVirtualMachines/jdk1.8.0_66.jdk/Contents/Home/jre/lib/libnet.dylib
0x0000000112931000 	/Library/Java/JavaVirtualMachines/jdk1.8.0_66.jdk/Contents/Home/jre/lib/libnio.dylib
0x0000000113314000 	/Library/Java/JavaVirtualMachines/jdk1.8.0_66.jdk/Contents/Home/jre/lib/libmanagement.dylib
0x0000000112a6c000 	/private/var/folders/2_/94cgfrd10kz9s0wbtd0g1g6h0000gn/T/jna--972835333/jna8328839092606788769.tmp
0x0000000114073000 	/Library/Java/JavaVirtualMachines/jdk1.8.0_66.jdk/Contents/Home/jre/lib/libsunec.dylib

VM Arguments:
jvm_args: -Djline.terminal=jline.UnsupportedTerminal -Dsbt.log.noformat=true -Dfile.encoding=UTF-8 -Didea.managed=true -Dfile.encoding=UTF-8 
java_command: /Users/Tomohiro/Library/Application Support/IdeaIC2019.2/Scala/launcher/sbt-launch.jar
java_class_path (initial): /Users/Tomohiro/Library/Application Support/IdeaIC2019.2/Scala/launcher/sbt-launch.jar
Launcher Type: SUN_STANDARD

Environment Variables:
PATH=/usr/bin:/bin:/usr/sbin:/sbin
SHELL=/bin/bash
DISPLAY=/private/tmp/com.apple.launchd.aOPy6XPsCq/org.macosforge.xquartz:0

Signal Handlers:
SIGSEGV: [libjvm.dylib+0x5a65d5], sa_mask[0]=11111111011111110111111111111111, sa_flags=SA_ONSTACK|SA_RESTART|SA_SIGINFO
SIGBUS: [libjvm.dylib+0x5a65d5], sa_mask[0]=11111111011111110111111111111111, sa_flags=SA_RESTART|SA_SIGINFO
SIGFPE: [libjvm.dylib+0x4802e8], sa_mask[0]=11111111011111110111111111111111, sa_flags=SA_RESTART|SA_SIGINFO
SIGPIPE: [libjvm.dylib+0x4802e8], sa_mask[0]=11111111011111110111111111111111, sa_flags=SA_RESTART|SA_SIGINFO
SIGXFSZ: [libjvm.dylib+0x4802e8], sa_mask[0]=11111111011111110111111111111111, sa_flags=SA_RESTART|SA_SIGINFO
SIGILL: [libjvm.dylib+0x4802e8], sa_mask[0]=11111111011111110111111111111111, sa_flags=SA_RESTART|SA_SIGINFO
SIGUSR1: SIG_DFL, sa_mask[0]=00000000000000000000000000000000, sa_flags=none
SIGUSR2: [libjvm.dylib+0x47fe06], sa_mask[0]=00100000000000000000000000000000, sa_flags=SA_RESTART|SA_SIGINFO
SIGHUP: [libjvm.dylib+0x47e3dd], sa_mask[0]=11111111011111110111111111111111, sa_flags=SA_RESTART|SA_SIGINFO
SIGINT: [libjvm.dylib+0x47e3dd], sa_mask[0]=11111111011111110111111111111111, sa_flags=SA_RESTART|SA_SIGINFO
SIGTERM: [libjvm.dylib+0x47e3dd], sa_mask[0]=11111111011111110111111111111111, sa_flags=SA_RESTART|SA_SIGINFO
SIGQUIT: [libjvm.dylib+0x47e3dd], sa_mask[0]=11111111011111110111111111111111, sa_flags=SA_RESTART|SA_SIGINFO


---------------  S Y S T E M  ---------------

OS:Bsduname:Darwin 17.7.0 Darwin Kernel Version 17.7.0: Sun Jun  2 20:31:42 PDT 2019; root:xnu-4570.71.46~1/RELEASE_X86_64 x86_64
rlimit: STACK 8192k, CORE 0k, NPROC 709, NOFILE 10240, AS infinity
load average:3.56 11.41 15.80

CPU:total 4 (2 cores per cpu, 2 threads per core) family 6 model 42 stepping 7, cmov, cx8, fxsr, mmx, sse, sse2, sse3, ssse3, sse4.1, sse4.2, popcnt, avx, aes, clmul, ht, tsc, tscinvbit

Memory: 4k page, physical 10485760k(17692k free)

/proc/meminfo:


vm_info: Java HotSpot(TM) 64-Bit Server VM (25.66-b17) for bsd-amd64 JRE (1.8.0_66-b17), built on Oct  6 2015 16:09:13 by "java_re" with gcc 4.2.1 (Based on Apple Inc. build 5658) (LLVM build 2336.11.00)

time: Tue Sep 10 23:47:25 2019
elapsed time: 32 seconds (0d 0h 0m 32s)

